Server Crash Report
===================

RunUO Version 2.1, Build 3581.36459
Operating System: Microsoft Windows NT 6.1.7600.0
.NET Framework: 2.0.50727.4927
Time: 14/05/2010 22:28:55
Mobiles: 18
Items: 8403
Exception:
System.DllNotFoundException: Unable to load DLL 'zlib32': The specified module could not be found. (Exception from HRESULT: 0x8007007E)
   at Server.Network.Compressor32.compress2(Byte[] dest, Int32& destLength, Byte[] source, Int32 sourceLength, ZLibQuality quality)
   at Server.Network.Compressor32.Compress(Byte[] dest, Int32& destLength, Byte[] source, Int32 sourceLength, ZLibQuality quality)
   at Server.Network.Compression.Pack(Byte[] dest, Int32& destLength, Byte[] source, Int32 sourceLength, ZLibQuality quality)
   at Server.Network.DisplayGumpPacked.WritePacked(PacketWriter src)
   at Server.Network.DisplayGumpPacked.Flush()
   at Server.Gumps.Gump.Compile(NetState ns)
   at Server.Gumps.Gump.SendTo(NetState state)
   at Server.Mobile.SendGump(Gump g, Boolean throwOnOffline)
   at Server.Mobile.SendGump(Gump g)
   at Joeku.ToolbarHelper.SendToolbar(Mobile mob)
   at Joeku.ToolbarHelper.OnLogin(LoginEventArgs e)
   at Server.LoginEventHandler.Invoke(LoginEventArgs e)
   at Server.EventSink.InvokeLogin(LoginEventArgs e)
   at Server.Network.PacketHandlers.DoLogin(NetState state, Mobile m)
   at Server.Network.PacketHandlers.LoginTimer.OnTick()
   at Server.Timer.Slice()
   at Server.Core.Main(String[] args)

Clients:
- Count: 2
+ 127.0.0.1: (account = mark) (mobile = 0xB 'Seu Jorge')
+ 200.181.87.155: (account = admin) (mobile = 0x1 'Owner Mark [Staff]')
